<?xml version="1.0" encoding="UTF-8"?>
<!-- Generated by org.testng.reporters.JUnitXMLReporter -->
<testsuite hostname="LAPTOP-MKCCBE6B" ignored="0" name="Test1" tests="1" failures="1" timestamp="2022-10-09T00:00:40 IST" time="0.099" errors="0">
  <testcase name="startBrowser" time="0.0" classname="mavenforjenkins.UITest">
    <failure type="org.testng.TestNGException" message="
Parameter &amp;apos;Browser&amp;apos; is required by @Test on method startBrowser but has not been marked @Optional or defined
in C:\Users\prajk\Documents\Rajkamal\Automation\Workspace\MukeshOtwani\mavenjenkins\testng.xml">
      <![CDATA[org.testng.TestNGException: 
Parameter 'Browser' is required by @Test on method startBrowser but has not been marked @Optional or defined
in C:\Users\prajk\Documents\Rajkamal\Automation\Workspace\MukeshOtwani\mavenjenkins\testng.xml
at java.util.ArrayList.forEach(ArrayList.java:1257)
... Removed 26 stack frames]]>
    </failure>
  </testcase> <!-- startBrowser -->
</testsuite> <!-- Test1 -->
